六月 29, 2017 4:41:23 下午 org.apache.catalina.core.ApplicationContext log
INFO: ContextListener: contextInitialized()
六月 29, 2017 4:41:23 下午 org.apache.catalina.core.ApplicationContext log
INFO: SessionListener: contextInitialized()
六月 29, 2017 4:41:23 下午 org.apache.catalina.core.ApplicationContext log
INFO: ContextListener: attributeAdded('org.apache.jasper.compiler.TldLocationsCache', 'org.apache.jasper.compiler.TldLocationsCache@4320bc4')
六月 29, 2017 4:44:19 下午 org.apache.catalina.core.ApplicationContext log
INFO: SessionListener: contextDestroyed()
六月 29, 2017 4:44:19 下午 org.apache.catalina.core.ApplicationContext log
INFO: ContextListener: contextDestroyed()
六月 29, 2017 4:44:28 下午 org.apache.catalina.core.ApplicationContext log
INFO: ContextListener: contextInitialized()
六月 29, 2017 4:44:28 下午 org.apache.catalina.core.ApplicationContext log
INFO: SessionListener: contextInitialized()
六月 29, 2017 4:44:28 下午 org.apache.catalina.core.ApplicationContext log
INFO: ContextListener: attributeAdded('org.apache.jasper.compiler.TldLocationsCache', 'org.apache.jasper.compiler.TldLocationsCache@23eca0d1')
六月 29, 2017 4:48:05 下午 org.apache.catalina.core.ApplicationContext log
INFO: ContextListener: contextInitialized()
六月 29, 2017 4:48:05 下午 org.apache.catalina.core.ApplicationContext log
INFO: SessionListener: contextInitialized()
六月 29, 2017 4:48:05 下午 org.apache.catalina.core.ApplicationContext log
INFO: ContextListener: attributeAdded('org.apache.jasper.compiler.TldLocationsCache', 'org.apache.jasper.compiler.TldLocationsCache@7ecdc728')
六月 29, 2017 4:49:58 下午 org.apache.catalina.core.ApplicationContext log
INFO: SessionListener: contextDestroyed()
六月 29, 2017 4:49:58 下午 org.apache.catalina.core.ApplicationContext log
INFO: ContextListener: contextDestroyed()
六月 29, 2017 4:50:01 下午 org.apache.catalina.core.ApplicationContext log
INFO: ContextListener: contextInitialized()
六月 29, 2017 4:50:01 下午 org.apache.catalina.core.ApplicationContext log
INFO: SessionListener: contextInitialized()
六月 29, 2017 4:50:01 下午 org.apache.catalina.core.ApplicationContext log
INFO: ContextListener: attributeAdded('org.apache.jasper.compiler.TldLocationsCache', 'org.apache.jasper.compiler.TldLocationsCache@7bd760a1')
六月 29, 2017 4:51:19 下午 org.apache.catalina.core.ApplicationContext log
INFO: SessionListener: contextDestroyed()
六月 29, 2017 4:51:19 下午 org.apache.catalina.core.ApplicationContext log
INFO: ContextListener: contextDestroyed()
六月 29, 2017 4:51:22 下午 org.apache.catalina.core.ApplicationContext log
INFO: ContextListener: contextInitialized()
六月 29, 2017 4:51:22 下午 org.apache.catalina.core.ApplicationContext log
INFO: SessionListener: contextInitialized()
六月 29, 2017 4:51:22 下午 org.apache.catalina.core.ApplicationContext log
INFO: ContextListener: attributeAdded('org.apache.jasper.compiler.TldLocationsCache', 'org.apache.jasper.compiler.TldLocationsCache@3f0b62b5')
六月 29, 2017 4:52:07 下午 org.apache.catalina.core.ApplicationContext log
INFO: SessionListener: contextDestroyed()
六月 29, 2017 4:52:07 下午 org.apache.catalina.core.ApplicationContext log
INFO: ContextListener: contextDestroyed()
六月 29, 2017 4:52:10 下午 org.apache.catalina.core.ApplicationContext log
INFO: ContextListener: contextInitialized()
六月 29, 2017 4:52:10 下午 org.apache.catalina.core.ApplicationContext log
INFO: SessionListener: contextInitialized()
六月 29, 2017 4:52:10 下午 org.apache.catalina.core.ApplicationContext log
INFO: ContextListener: attributeAdded('org.apache.jasper.compiler.TldLocationsCache', 'org.apache.jasper.compiler.TldLocationsCache@6773cea8')
六月 29, 2017 4:54:15 下午 org.apache.catalina.core.ApplicationContext log
INFO: SessionListener: contextDestroyed()
六月 29, 2017 4:54:15 下午 org.apache.catalina.core.ApplicationContext log
INFO: ContextListener: contextDestroyed()
六月 29, 2017 4:54:18 下午 org.apache.catalina.core.ApplicationContext log
INFO: ContextListener: contextInitialized()
六月 29, 2017 4:54:18 下午 org.apache.catalina.core.ApplicationContext log
INFO: SessionListener: contextInitialized()
六月 29, 2017 4:54:18 下午 org.apache.catalina.core.ApplicationContext log
INFO: ContextListener: attributeAdded('org.apache.jasper.compiler.TldLocationsCache', 'org.apache.jasper.compiler.TldLocationsCache@6773cea8')
六月 29, 2017 4:56:02 下午 org.apache.catalina.core.ApplicationContext log
INFO: SessionListener: contextDestroyed()
六月 29, 2017 4:56:02 下午 org.apache.catalina.core.ApplicationContext log
INFO: ContextListener: contextDestroyed()
六月 29, 2017 4:56:05 下午 org.apache.catalina.core.ApplicationContext log
INFO: ContextListener: contextInitialized()
六月 29, 2017 4:56:05 下午 org.apache.catalina.core.ApplicationContext log
INFO: SessionListener: contextInitialized()
六月 29, 2017 4:56:05 下午 org.apache.catalina.core.ApplicationContext log
INFO: ContextListener: attributeAdded('org.apache.jasper.compiler.TldLocationsCache', 'org.apache.jasper.compiler.TldLocationsCache@6001169d')
六月 29, 2017 4:56:48 下午 org.apache.catalina.core.ApplicationContext log
INFO: No Spring WebApplicationInitializer types detected on classpath
六月 29, 2017 4:56:48 下午 org.apache.catalina.core.ApplicationContext log
INFO: Initializing log4j system
六月 29, 2017 4:56:48 下午 org.apache.catalina.core.ApplicationContext log
INFO: Initializing Spring root WebApplicationContext
六月 29, 2017 4:57:06 下午 org.apache.catalina.core.ApplicationContext log
INFO: Initializing Spring sub WebApplicationContext: home
六月 29, 2017 4:57:08 下午 org.apache.catalina.core.ApplicationContext log
INFO: Initializing Spring sub WebApplicationContext: personal
六月 29, 2017 4:57:09 下午 org.apache.catalina.core.ApplicationContext log
INFO: Initializing Spring sub WebApplicationContext: sysmanage
六月 29, 2017 4:57:10 下午 org.apache.catalina.core.ApplicationContext log
INFO: Initializing Spring sub WebApplicationContext: sysinfo
六月 29, 2017 4:57:12 下午 org.apache.catalina.core.ApplicationContext log
INFO: Initializing Spring sub WebApplicationContext: governance
六月 29, 2017 4:57:13 下午 org.apache.catalina.core.ApplicationContext log
INFO: WebxComponents: initialization completed
六月 29, 2017 4:57:13 下午 org.apache.catalina.core.ApplicationContext log
INFO: Initializing filter: mdc
六月 29, 2017 4:57:13 下午 org.apache.catalina.core.ApplicationContext log
INFO: SetLoggingContextFilter - mdc: initialization completed
六月 29, 2017 4:57:13 下午 org.apache.catalina.core.ApplicationContext log
INFO: Initializing filter: webx
六月 29, 2017 4:57:13 下午 org.apache.catalina.core.ApplicationContext log
INFO: WebxFrameworkFilter - webx: initialization completed
六月 29, 2017 4:57:13 下午 org.apache.catalina.core.ApplicationContext log
INFO: SessionListener: contextDestroyed()
六月 29, 2017 4:57:13 下午 org.apache.catalina.core.ApplicationContext log
INFO: ContextListener: contextDestroyed()
六月 29, 2017 4:57:13 下午 org.apache.catalina.core.ApplicationContext log
INFO: Closing Spring root WebApplicationContext
六月 29, 2017 4:57:13 下午 org.apache.catalina.core.ApplicationContext log
INFO: Shutting down log system
六月 29, 2017 4:57:18 下午 org.apache.catalina.core.ApplicationContext log
INFO: No Spring WebApplicationInitializer types detected on classpath
六月 29, 2017 4:57:18 下午 org.apache.catalina.core.ApplicationContext log
INFO: Initializing log4j system
六月 29, 2017 4:57:18 下午 org.apache.catalina.core.ApplicationContext log
INFO: Initializing Spring root WebApplicationContext
六月 29, 2017 4:57:33 下午 org.apache.catalina.core.ApplicationContext log
INFO: Initializing Spring sub WebApplicationContext: home
六月 29, 2017 4:57:35 下午 org.apache.catalina.core.ApplicationContext log
INFO: Initializing Spring sub WebApplicationContext: personal
六月 29, 2017 4:57:36 下午 org.apache.catalina.core.ApplicationContext log
INFO: Initializing Spring sub WebApplicationContext: sysmanage
六月 29, 2017 4:57:37 下午 org.apache.catalina.core.ApplicationContext log
INFO: Initializing Spring sub WebApplicationContext: sysinfo
六月 29, 2017 4:57:39 下午 org.apache.catalina.core.ApplicationContext log
INFO: Initializing Spring sub WebApplicationContext: governance
六月 29, 2017 4:57:40 下午 org.apache.catalina.core.ApplicationContext log
INFO: WebxComponents: initialization completed
六月 29, 2017 4:57:40 下午 org.apache.catalina.core.ApplicationContext log
INFO: Initializing filter: mdc
六月 29, 2017 4:57:40 下午 org.apache.catalina.core.ApplicationContext log
INFO: SetLoggingContextFilter - mdc: initialization completed
六月 29, 2017 4:57:40 下午 org.apache.catalina.core.ApplicationContext log
INFO: Initializing filter: webx
六月 29, 2017 4:57:40 下午 org.apache.catalina.core.ApplicationContext log
INFO: WebxFrameworkFilter - webx: initialization completed
六月 29, 2017 4:57:40 下午 org.apache.catalina.core.ApplicationContext log
INFO: ContextListener: contextInitialized()
六月 29, 2017 4:57:40 下午 org.apache.catalina.core.ApplicationContext log
INFO: SessionListener: contextInitialized()
六月 29, 2017 4:57:40 下午 org.apache.catalina.core.ApplicationContext log
INFO: ContextListener: attributeAdded('org.apache.jasper.compiler.TldLocationsCache', 'org.apache.jasper.compiler.TldLocationsCache@61d99f0c')
